INFO:root:{'log-filename': 't2i.log'}
INFO:root:Start Logging
INFO:root:Handed over arguments: 2
INFO:root:XML tree created
INFO:root:{'log-filename': 't2i.log'}
INFO:root:Start Logging
INFO:root:{'log-filename': 't2i.log'}
INFO:root:Start Logging
INFO:root:Handed over arguments: 1
CRITICAL:root:Missing arguments
INFO:root:{'log-filename': 't2i.log'}
INFO:root:Start Logging
INFO:root:Handed over arguments: 1
CRITICAL:root:Missing arguments
INFO:root:{'log-filename': 't2i.log'}
INFO:root:Start Logging
INFO:root:Handed over arguments: 1
CRITICAL:root:Missing arguments
INFO:root:{'log-filename': 't2i.log'}
INFO:root:Start Logging
INFO:root:Handed over arguments: 1
CRITICAL:root:Missing arguments
INFO:root:{'log-filename': 't2i.log'}
INFO:root:Start Logging
INFO:root:Handed over arguments: 1
CRITICAL:root:Missing arguments
INFO:root:{'log-filename': 't2i.log'}
INFO:root:Start Logging
INFO:root:Handed over arguments: 1
CRITICAL:root:Missing arguments
INFO:root:{'log-filename': 't2i.log'}
INFO:root:Start Logging
INFO:root:{'log-filename': 't2i.log'}
INFO:root:Start Logging
INFO:root:{'log-filename': 't2i.log'}
INFO:root:Start Logging
INFO:root:Handed over arguments: 1
CRITICAL:root:Missing arguments
